/*C3*/SET SCHEMA PUBLIC
DISCONNECT
/*C3*/SET SCHEMA PUBLIC
CREATE TABLE IF NOT EXISTS Interwencja(id INTEGER PRIMARY KEY IDENTITY, data_interwencji DATE, miejscowosc VARCHAR(30), ulica VARCHAR(30), numer INTEGER, opis_zdarzenia VARCHAR(1000))
CREATE TABLE IF NOT EXISTS Pojazd(id INTEGER PRIMARY KEY IDENTITY, marka VARCHAR(30),model VARCHAR(30), data_produkcji DATE, przebieg INTEGER, wartosc INTEGER)
CREATE TABLE IF NOT EXISTS Pracownik(id INTEGER PRIMARY KEY IDENTITY,Pojazd_id INTEGER REFERENCES Pojazd(id),imie VARCHAR(50), nazwisko VARCHAR(50), data_urodzenia DATE, numer_telefonu VARCHAR(9),data_zatrudnienia DATE)
CREATE TABLE IF NOT EXISTS Interwencja_has_Pracownik(Interwencja_id INTEGER REFERENCES Interwencja(id), Pracownik_id INTEGER REFERENCES Pracownik(id))
/*C4*/SET SCHEMA PUBLIC
CREATE TABLE IF NOT EXISTS Interwencja(id INTEGER PRIMARY KEY IDENTITY, data_interwencji DATE, miejscowosc VARCHAR(30), ulica VARCHAR(30), numer INTEGER, opis_zdarzenia VARCHAR(1000))
CREATE TABLE IF NOT EXISTS Pojazd(id INTEGER PRIMARY KEY IDENTITY, marka VARCHAR(30),model VARCHAR(30), data_produkcji DATE, przebieg INTEGER, wartosc INTEGER)
CREATE TABLE IF NOT EXISTS Pracownik(id INTEGER PRIMARY KEY IDENTITY,Pojazd_id INTEGER REFERENCES Pojazd(id),imie VARCHAR(50), nazwisko VARCHAR(50), data_urodzenia DATE, numer_telefonu VARCHAR(9),data_zatrudnienia DATE)
CREATE TABLE IF NOT EXISTS Interwencja_has_Pracownik(Interwencja_id INTEGER REFERENCES Interwencja(id), Pracownik_id INTEGER REFERENCES Pracownik(id))
/*C5*/SET SCHEMA PUBLIC
CREATE TABLE IF NOT EXISTS Interwencja(id INTEGER PRIMARY KEY IDENTITY, data_interwencji DATE, miejscowosc VARCHAR(30), ulica VARCHAR(30), numer INTEGER, opis_zdarzenia VARCHAR(1000))
CREATE TABLE IF NOT EXISTS Pojazd(id INTEGER PRIMARY KEY IDENTITY, marka VARCHAR(30),model VARCHAR(30), data_produkcji DATE, przebieg INTEGER, wartosc INTEGER)
CREATE TABLE IF NOT EXISTS Pracownik(id INTEGER PRIMARY KEY IDENTITY,Pojazd_id INTEGER REFERENCES Pojazd(id),imie VARCHAR(50), nazwisko VARCHAR(50), data_urodzenia DATE, numer_telefonu VARCHAR(9),data_zatrudnienia DATE)
CREATE TABLE IF NOT EXISTS Interwencja_has_Pracownik(Interwencja_id INTEGER REFERENCES Interwencja(id), Pracownik_id INTEGER REFERENCES Pracownik(id))
DELETE FROM PRACOWNIK WHERE ID=0
INSERT INTO PRACOWNIK VALUES(0,3,'Adam','Kowalski','1980-10-15','500500500','2013-07-07')
COMMIT
DELETE FROM PRACOWNIK WHERE ID=0
INSERT INTO PRACOWNIK VALUES(0,4,'Adam','Kowalski','1980-10-15','500500500','2013-07-07')
COMMIT
/*C6*/SET SCHEMA PUBLIC
CREATE TABLE IF NOT EXISTS Interwencja(id INTEGER PRIMARY KEY IDENTITY, data_interwencji DATE, miejscowosc VARCHAR(30), ulica VARCHAR(30), numer INTEGER, opis_zdarzenia VARCHAR(1000))
CREATE TABLE IF NOT EXISTS Pojazd(id INTEGER PRIMARY KEY IDENTITY, marka VARCHAR(30),model VARCHAR(30), data_produkcji DATE, przebieg INTEGER, wartosc INTEGER)
CREATE TABLE IF NOT EXISTS Pracownik(id INTEGER PRIMARY KEY IDENTITY,Pojazd_id INTEGER REFERENCES Pojazd(id),imie VARCHAR(50), nazwisko VARCHAR(50), data_urodzenia DATE, numer_telefonu VARCHAR(9),data_zatrudnienia DATE)
CREATE TABLE IF NOT EXISTS Interwencja_has_Pracownik(Interwencja_id INTEGER REFERENCES Interwencja(id), Pracownik_id INTEGER REFERENCES Pracownik(id))
/*C7*/SET SCHEMA PUBLIC
CREATE TABLE IF NOT EXISTS Interwencja(id INTEGER PRIMARY KEY IDENTITY, data_interwencji DATE, miejscowosc VARCHAR(30), ulica VARCHAR(30), numer INTEGER, opis_zdarzenia VARCHAR(1000))
CREATE TABLE IF NOT EXISTS Pojazd(id INTEGER PRIMARY KEY IDENTITY, marka VARCHAR(30),model VARCHAR(30), data_produkcji DATE, przebieg INTEGER, wartosc INTEGER)
CREATE TABLE IF NOT EXISTS Pracownik(id INTEGER PRIMARY KEY IDENTITY,Pojazd_id INTEGER REFERENCES Pojazd(id),imie VARCHAR(50), nazwisko VARCHAR(50), data_urodzenia DATE, numer_telefonu VARCHAR(9),data_zatrudnienia DATE)
CREATE TABLE IF NOT EXISTS Interwencja_has_Pracownik(Interwencja_id INTEGER REFERENCES Interwencja(id), Pracownik_id INTEGER REFERENCES Pracownik(id))
DELETE FROM POJAZD WHERE ID=1
INSERT INTO POJAZD VALUES(1,'Saab','15555','2000-10-10',15600,25000)
COMMIT
/*C8*/SET SCHEMA PUBLIC
CREATE TABLE IF NOT EXISTS Interwencja(id INTEGER PRIMARY KEY IDENTITY, data_interwencji DATE, miejscowosc VARCHAR(30), ulica VARCHAR(30), numer INTEGER, opis_zdarzenia VARCHAR(1000))
CREATE TABLE IF NOT EXISTS Pojazd(id INTEGER PRIMARY KEY IDENTITY, marka VARCHAR(30),model VARCHAR(30), data_produkcji DATE, przebieg INTEGER, wartosc INTEGER)
CREATE TABLE IF NOT EXISTS Pracownik(id INTEGER PRIMARY KEY IDENTITY,Pojazd_id INTEGER REFERENCES Pojazd(id),imie VARCHAR(50), nazwisko VARCHAR(50), data_urodzenia DATE, numer_telefonu VARCHAR(9),data_zatrudnienia DATE)
CREATE TABLE IF NOT EXISTS Interwencja_has_Pracownik(Interwencja_id INTEGER REFERENCES Interwencja(id), Pracownik_id INTEGER REFERENCES Pracownik(id))
/*C9*/SET SCHEMA PUBLIC
CREATE TABLE IF NOT EXISTS Interwencja(id INTEGER PRIMARY KEY IDENTITY, data_interwencji DATE, miejscowosc VARCHAR(30), ulica VARCHAR(30), numer INTEGER, opis_zdarzenia VARCHAR(1000))
CREATE TABLE IF NOT EXISTS Pojazd(id INTEGER PRIMARY KEY IDENTITY, marka VARCHAR(30),model VARCHAR(30), data_produkcji DATE, przebieg INTEGER, wartosc INTEGER)
CREATE TABLE IF NOT EXISTS Pracownik(id INTEGER PRIMARY KEY IDENTITY,Pojazd_id INTEGER REFERENCES Pojazd(id),imie VARCHAR(50), nazwisko VARCHAR(50), data_urodzenia DATE, numer_telefonu VARCHAR(9),data_zatrudnienia DATE)
CREATE TABLE IF NOT EXISTS Interwencja_has_Pracownik(Interwencja_id INTEGER REFERENCES Interwencja(id), Pracownik_id INTEGER REFERENCES Pracownik(id))
/*C10*/SET SCHEMA PUBLIC
CREATE TABLE IF NOT EXISTS Interwencja(id INTEGER PRIMARY KEY IDENTITY, data_interwencji DATE, miejscowosc VARCHAR(30), ulica VARCHAR(30), numer INTEGER, opis_zdarzenia VARCHAR(1000))
CREATE TABLE IF NOT EXISTS Pojazd(id INTEGER PRIMARY KEY IDENTITY, marka VARCHAR(30),model VARCHAR(30), data_produkcji DATE, przebieg INTEGER, wartosc INTEGER)
CREATE TABLE IF NOT EXISTS Pracownik(id INTEGER PRIMARY KEY IDENTITY,Pojazd_id INTEGER REFERENCES Pojazd(id),imie VARCHAR(50), nazwisko VARCHAR(50), data_urodzenia DATE, numer_telefonu VARCHAR(9),data_zatrudnienia DATE)
CREATE TABLE IF NOT EXISTS Interwencja_has_Pracownik(Interwencja_id INTEGER REFERENCES Interwencja(id), Pracownik_id INTEGER REFERENCES Pracownik(id))
